[25-Jul-2015 16:59:31 UTC] PHP Notice:  Undefined index: host in /Applications/MAMP/htdocs/ramdam/wp-includes/http.php on line 465
[25-Jul-2015 17:06:30 UTC] PHP Strict Standards:  Redefining already defined constructor for class WXR_Parser_Regex in /Applications/MAMP/htdocs/ramdam/wp-content/themes/route/cs-framework/plugins/wordpress-importer/parsers.php on line 408
[25-Jul-2015 17:06:30 UTC] PHP Strict Standards:  Declaration of WP_Import::bump_request_timeout() should be compatible with WP_Importer::bump_request_timeout($val) in /Applications/MAMP/htdocs/ramdam/wp-content/themes/route/cs-framework/plugins/wordpress-importer/wordpress-importer.php on line 38
[25-Jul-2015 17:16:49 UTC] PHP Notice:  Undefined variable: is_IE in /Applications/MAMP/htdocs/ramdam/wp-admin/edit-form-advanced.php on line 28
[25-Jul-2015 17:18:02 UTC] PHP Notice:  Undefined variable: is_IE in /Applications/MAMP/htdocs/ramdam/wp-admin/edit-form-advanced.php on line 28
[25-Jul-2015 17:30:08 UTC] PHP Notice:  Undefined variable: is_IE in /Applications/MAMP/htdocs/ramdam/wp-admin/edit-form-advanced.php on line 28
[25-Jul-2015 17:46:38 UTC] PHP Notice:  Undefined variable: is_IE in /Applications/MAMP/htdocs/ramdam/wp-admin/edit-form-advanced.php on line 28
[25-Jul-2015 17:53:56 UTC] PHP Notice:  Undefined variable: is_IE in /Applications/MAMP/htdocs/ramdam/wp-admin/edit-form-advanced.php on line 28
[26-Jul-2015 00:16:07 UTC] PHP Notice:  Undefined variable: is_IE in /Applications/MAMP/htdocs/ramdam/wp-admin/edit-form-advanced.php on line 28
[26-Jul-2015 00:29:48 UTC] PHP Notice:  Undefined variable: is_IE in /Applications/MAMP/htdocs/ramdam/wp-admin/edit-form-advanced.php on line 28
[26-Jul-2015 00:34:31 UTC] PHP Notice:  Undefined variable: is_IE in /Applications/MAMP/htdocs/ramdam/wp-admin/edit-form-advanced.php on line 28
[26-Jul-2015 13:05:24 UTC] PHP Notice:  Undefined property: stdClass::$_latest_version in /Applications/MAMP/htdocs/ramdam/wp-content/plugins/LayerSlider/classes/class.km.autoupdate.v3.php on line 183
[26-Jul-2015 13:05:24 UTC] PHP Notice:  Undefined property: stdClass::$_latest_version in /Applications/MAMP/htdocs/ramdam/wp-content/plugins/LayerSlider/classes/class.km.autoupdate.v3.php on line 183
[26-Jul-2015 13:05:26 UTC] PHP Notice:  Undefined variable: is_IE in /Applications/MAMP/htdocs/ramdam/wp-admin/edit-form-advanced.php on line 28
[26-Jul-2015 13:56:00 UTC] PHP Notice:  Undefined variable: is_IE in /Applications/MAMP/htdocs/ramdam/wp-admin/edit-form-advanced.php on line 28
[26-Jul-2015 13:59:56 UTC] PHP Notice:  Undefined variable: is_IE in /Applications/MAMP/htdocs/ramdam/wp-admin/edit-form-advanced.php on line 28
[26-Jul-2015 14:20:35 UTC] PHP Notice:  Undefined variable: is_IE in /Applications/MAMP/htdocs/ramdam/wp-admin/edit-form-advanced.php on line 28
[26-Jul-2015 17:47:35 UTC] PHP Notice:  Undefined variable: is_IE in /Applications/MAMP/htdocs/ramdam/wp-admin/edit-form-advanced.php on line 28
[26-Jul-2015 23:36:33 UTC] PHP Notice:  Undefined variable: is_IE in /Applications/MAMP/htdocs/ramdam/wp-admin/edit-form-advanced.php on line 28
[26-Jul-2015 23:54:24 UTC] PHP Notice:  Undefined variable: is_IE in /Applications/MAMP/htdocs/ramdam/wp-admin/edit-form-advanced.php on line 28
[26-Jul-2015 23:58:00 UTC] PHP Notice:  Undefined variable: is_IE in /Applications/MAMP/htdocs/ramdam/wp-admin/edit-form-advanced.php on line 28
[27-Jul-2015 00:40:53 UTC] PHP Notice:  Undefined variable: is_IE in /Applications/MAMP/htdocs/ramdam/wp-admin/edit-form-advanced.php on line 28
[28-Jul-2015 18:12:19 UTC] PHP Notice:  Undefined variable: is_IE in /Applications/MAMP/htdocs/ramdam/wp-admin/edit-form-advanced.php on line 28
[28-Jul-2015 18:12:20 UTC] PHP Notice:  Undefined variable: is_IE in /Applications/MAMP/htdocs/ramdam/wp-admin/edit-form-advanced.php on line 28
[28-Jul-2015 18:14:51 UTC] PHP Notice:  Undefined index:  in /Applications/MAMP/htdocs/ramdam/wp-content/themes/route/cs-framework/config/cs-helper-functions.php on line 294
[28-Jul-2015 18:15:03 UTC] PHP Notice:  Undefined index:  in /Applications/MAMP/htdocs/ramdam/wp-content/themes/route/cs-framework/config/cs-helper-functions.php on line 294
[28-Jul-2015 18:15:13 UTC] PHP Notice:  Undefined index:  in /Applications/MAMP/htdocs/ramdam/wp-content/themes/route/cs-framework/config/cs-helper-functions.php on line 294
[28-Jul-2015 18:15:48 UTC] PHP Notice:  Undefined index:  in /Applications/MAMP/htdocs/ramdam/wp-content/themes/route/cs-framework/config/cs-helper-functions.php on line 294
[28-Jul-2015 18:15:53 UTC] PHP Notice:  Undefined index:  in /Applications/MAMP/htdocs/ramdam/wp-content/themes/route/cs-framework/config/cs-helper-functions.php on line 294
[28-Jul-2015 18:18:16 UTC] PHP Notice:  Undefined variable: is_IE in /Applications/MAMP/htdocs/ramdam/wp-admin/edit-form-advanced.php on line 28
[28-Jul-2015 18:19:33 UTC] PHP Notice:  Undefined index:  in /Applications/MAMP/htdocs/ramdam/wp-content/themes/route/cs-framework/config/cs-helper-functions.php on line 294
[28-Jul-2015 18:19:42 UTC] PHP Notice:  Undefined variable: is_IE in /Applications/MAMP/htdocs/ramdam/wp-admin/edit-form-advanced.php on line 28
[28-Jul-2015 18:43:07 UTC] PHP Notice:  Undefined variable: is_IE in /Applications/MAMP/htdocs/ramdam/wp-admin/edit-form-advanced.php on line 28
[28-Jul-2015 18:50:58 UTC] PHP Notice:  Undefined variable: is_IE in /Applications/MAMP/htdocs/ramdam/wp-admin/edit-form-advanced.php on line 28
[28-Jul-2015 19:09:16 UTC] PHP Notice:  Undefined variable: is_IE in /Applications/MAMP/htdocs/ramdam/wp-admin/edit-form-advanced.php on line 28
[30-Jul-2015 18:22:32 UTC] PHP Notice:  Undefined variable: is_IE in /Applications/MAMP/htdocs/ramdam/wp-admin/edit-form-advanced.php on line 28
